<?xml version="1.0" encoding="UTF-8"?>
<testng-results skipped="0" failed="0" ignored="0" total="1" passed="1">
  <reporter-output>
    <line>
      <![CDATA[<div "result">I navigate to google homepage (PASSED : 2s)</div>]]>
    </line>
    <line>
      <![CDATA[<div "result">I enter a keyword search (PASSED : 0s)</div>]]>
    </line>
    <line>
      <![CDATA[<div "result">I click on search button (PASSED : 1s)</div>]]>
    </line>
    <line>
      <![CDATA[<div "result">I should be able to see the title contains the keyword (PASSED : 0s)</div>]]>
    </line>
  </reporter-output>
  <suite name="Default suite" duration-ms="10090" started-at="2018-02-25T20:07:13Z" finished-at="2018-02-25T20:07:23Z">
    <groups>
      <group name="cucumber">
        <method signature="AbstractTestNGCucumberTests.runScenario(cucumber.api.testng.PickleEventWrapper, cucumber.api.testng.CucumberFeatureWrapper)[pri:0, instance:stepDefunitionPackage.stepDefiniton@5cb9f472]" name="runScenario" class="cucumber.api.testng.AbstractTestNGCucumberTests"/>
      </group> <!-- cucumber -->
    </groups>
    <test name="Default test" duration-ms="10090" started-at="2018-02-25T20:07:13Z" finished-at="2018-02-25T20:07:23Z">
      <class name="stepDefunitionPackage.stepDefiniton">
        <test-method status="PASS" signature="setUp()[pri:0, instance:stepDefunitionPackage.stepDefiniton@5cb9f472]" name="setUp" is-config="true" duration-ms="5196" started-at="2018-02-25T20:07:13Z" finished-at="2018-02-25T20:07:18Z">
          <reporter-output>
          </reporter-output>
        </test-method> <!-- setUp -->
        <test-method status="PASS" signature="setUpClass()[pri:0, instance:stepDefunitionPackage.stepDefiniton@5cb9f472]" name="setUpClass" is-config="true" duration-ms="328" started-at="2018-02-25T20:07:18Z" finished-at="2018-02-25T20:07:19Z">
          <reporter-output>
          </reporter-output>
        </test-method> <!-- setUpClass -->
        <test-method status="PASS" signature="runScenario(cucumber.api.testng.PickleEventWrapper, cucumber.api.testng.CucumberFeatureWrapper)[pri:0, instance:stepDefunitionPackage.stepDefiniton@5cb9f472]" name="runScenario" duration-ms="4259" started-at="2018-02-25T20:07:19Z" description="Runs Cucumber Scenarios" data-provider="scenarios" finished-at="2018-02-25T20:07:23Z">
          <params>
            <param index="0">
              <value>
                <![CDATA["User searches item on google and check if the title matches the keyword"]]>
              </value>
            </param>
            <param index="1">
              <value>
                <![CDATA["This is just a test for cucumber"]]>
              </value>
            </param>
          </params>
          <reporter-output>
            <line>
              <![CDATA[<div "result">I navigate to google homepage (PASSED : 2s)</div>]]>
            </line>
            <line>
              <![CDATA[<div "result">I enter a keyword search (PASSED : 0s)</div>]]>
            </line>
            <line>
              <![CDATA[<div "result">I click on search button (PASSED : 1s)</div>]]>
            </line>
            <line>
              <![CDATA[<div "result">I should be able to see the title contains the keyword (PASSED : 0s)</div>]]>
            </line>
          </reporter-output>
        </test-method> <!-- runScenario -->
        <test-method status="PASS" signature="tearDownClass()[pri:0, instance:stepDefunitionPackage.stepDefiniton@5cb9f472]" name="tearDownClass" is-config="true" duration-ms="98" started-at="2018-02-25T20:07:23Z" finished-at="2018-02-25T20:07:23Z">
          <reporter-output>
          </reporter-output>
        </test-method> <!-- tearDownClass -->
      </class> <!-- stepDefunitionPackage.stepDefiniton -->
    </test> <!-- Default test -->
  </suite> <!-- Default suite -->
</testng-results>
